{
  "RSpec": {
    "coverage": {
      "/Users/chung/projects/driving-history/app/models/driver.rb": [
        1,
        1,
        null,
        1,
        1,
        null,
        1,
        23,
        null,
        null,
        1,
        6,
        null,
        null,
        1,
        55,
        29,
        null,
        26,
        null,
        null
      ],
      "/Users/chung/projects/driving-history/app/models/factory/model_factory.rb": [
        1,
        1,
        1,
        1,
        null,
        1,
        1,
        null,
        1,
        1,
        null,
        1,
        63,
        null,
        null,
        1,
        88,
        null,
        null,
        1,
        51,
        null,
        21,
        null,
        29,
        null,
        1,
        null,
        null,
        null,
        1,
        39,
        39,
        null,
        null,
        1,
        null,
        null,
        1,
        24,
        21,
        19,
        19,
        null,
        21,
        null,
        null,
        null,
        1,
        29,
        37,
        29,
        22,
        22,
        null,
        7,
        7,
        null,
        29,
        null,
        null
      ],
      "/Users/chung/projects/driving-history/app/models/driver_trip.rb": [
        1,
        null,
        1,
        1,
        1,
        null,
        1,
        25,
        25,
        null,
        null,
        1,
        31,
        null,
        null
      ],
      "/Users/chung/projects/driving-history/app/services/trip_service.rb": [
        1,
        null,
        1,
        1,
        1,
        null,
        1,
        6,
        null,
        5,
        5,
        null,
        4,
        4,
        4,
        null,
        4,
        null,
        1,
        null,
        2,
        null,
        1,
        1,
        null,
        null,
        null,
        null,
        null,
        1,
        null,
        null,
        2,
        null,
        null,
        1,
        11,
        null,
        null,
        null,
        null,
        null,
        11,
        null,
        9,
        null,
        9,
        13,
        null,
        13,
        13,
        null,
        8,
        8,
        null,
        null,
        9,
        9,
        null,
        5,
        5,
        null,
        5,
        null,
        null,
        1,
        22,
        null,
        null,
        1,
        13,
        null,
        null,
        null,
        null,
        13,
        13,
        null,
        11,
        11,
        null,
        11,
        null,
        null,
        1,
        9,
        null,
        5,
        null,
        null
      ],
      "/Users/chung/projects/driving-history/spec/app/models/driver_trip_spec.rb": [
        1,
        null,
        1,
        null,
        1,
        5,
        4,
        3,
        null,
        1,
        4,
        null,
        null,
        1,
        1,
        1,
        null,
        null,
        null,
        1,
        1,
        null,
        null,
        1,
        1,
        null,
        null,
        1,
        1,
        1,
        1,
        null,
        null,
        null,
        null,
        1,
        1,
        1,
        1,
        1,
        null,
        null,
        null
      ],
      "/Users/chung/projects/driving-history/spec/app/models/factory/model_factory_spec.rb": [
        1,
        null,
        1,
        null,
        1,
        13,
        null,
        1,
        12,
        null,
        null,
        1,
        1,
        1,
        2,
        null,
        null,
        null,
        1,
        1,
        1,
        1,
        4,
        null,
        null,
        null,
        1,
        1,
        1,
        4,
        2,
        null,
        null,
        1,
        1,
        1,
        1,
        null,
        null,
        null,
        1,
        1,
        1,
        4,
        4,
        1,
        null,
        null,
        null,
        null,
        1,
        1,
        4,
        null,
        null,
        null,
        null,
        4,
        null,
        null,
        null,
        null,
        null,
        null,
        1,
        1,
        1,
        4,
        null,
        null,
        null,
        1,
        1,
        1,
        4,
        2,
        null,
        null,
        1,
        1,
        null,
        1,
        1,
        null,
        1,
        null,
        1,
        1,
        1,
        1,
        null,
        null,
        null,
        1,
        1,
        1,
        4,
        4,
        1,
        null,
        null,
        null,
        null,
        null,
        1,
        1,
        1,
        1,
        1,
        1,
        null,
        null,
        null,
        null,
        1,
        1,
        1,
        1,
        1,
        1,
        null,
        null,
        null,
        null,
        1,
        1,
        1,
        1,
        null,
        1,
        1,
        null,
        1,
        1,
        null,
        1,
        null,
        1,
        1,
        null,
        null,
        null
      ],
      "/Users/chung/projects/driving-history/spec/app/reports/driving_history_report_spec.rb": [
        1,
        null,
        1,
        1,
        null,
        1,
        5,
        null,
        1,
        4,
        null,
        null,
        1,
        1,
        4,
        null,
        null,
        1,
        1,
        1,
        2,
        null,
        null,
        null,
        1,
        1,
        1,
        null,
        null,
        null,
        null,
        null,
        null,
        1,
        1,
        2,
        null,
        null,
        null,
        1,
        1,
        2,
        null,
        null,
        null,
        null,
        2,
        null,
        null,
        null,
        null,
        null,
        null,
        1,
        1,
        1,
        1,
        2,
        null,
        null,
        null,
        1,
        1,
        1,
        null,
        null,
        null,
        null,
        null,
        null,
        1,
        1,
        1,
        1,
        2,
        null,
        null,
        null,
        null,
        null
      ],
      "/Users/chung/projects/driving-history/app/reports/driving_history_report.rb": [
        1,
        1,
        4,
        4,
        4,
        null,
        null,
        8,
        4,
        4,
        null,
        null,
        null,
        1,
        4,
        4,
        4,
        null,
        null
      ],
      "/Users/chung/projects/driving-history/spec/app/services/trip_service_spec.rb": [
        1,
        null,
        1,
        1,
        null,
        1,
        14,
        null,
        1,
        13,
        null,
        null,
        1,
        1,
        1,
        1,
        1,
        null,
        null,
        null,
        null,
        null,
        null,
        1,
        1,
        null,
        null,
        null,
        1,
        1,
        1,
        1,
        null,
        null,
        null,
        null,
        1,
        null,
        null,
        null,
        null,
        null,
        null,
        1,
        1,
        null,
        null,
        null,
        1,
        1,
        1,
        1,
        null,
        null,
        1,
        1,
        null,
        null,
        null,
        1,
        1,
        1,
        null,
        null,
        1,
        1,
        null,
        null,
        null,
        1,
        1,
        1,
        null,
        null,
        1,
        1,
        null,
        null,
        null,
        1,
        1,
        1,
        null,
        null,
        1,
        1,
        null,
        null,
        null,
        null,
        null,
        1,
        8,
        6,
        null,
        1,
        1,
        1,
        1,
        null,
        null,
        null,
        1,
        1,
        1,
        null,
        null,
        null,
        null,
        null,
        null,
        1,
        1,
        1,
        null,
        null,
        null,
        1,
        1,
        1,
        null,
        null,
        null,
        null,
        null,
        null,
        1,
        1,
        1,
        null,
        null,
        null,
        1,
        1,
        1,
        null,
        null,
        null,
        null,
        null,
        null,
        1,
        1,
        1,
        null,
        null,
        null,
        1,
        1,
        1,
        null,
        null,
        null,
        null,
        null,
        null,
        1,
        1,
        1,
        null,
        null,
        null,
        1,
        1,
        1,
        null,
        null,
        null,
        null,
        null,
        null,
        1,
        1,
        1,
        null,
        null,
        null,
        1,
        1,
        1,
        null,
        null,
        null,
        null,
        1,
        null,
        null,
        null,
        null,
        null,
        null,
        1,
        1,
        1,
        1,
        null,
        null,
        null,
        null
      ]
    },
    "timestamp": 1572836438
  }
}
